2023-10-12T09:38:54.301+05:30  WARN 15300 --- [HikariPool-1 housekeeper] com.zaxxer.hikari.pool.HikariPool        : HikariPool-1 - Thread starvation or clock leap detected (housekeeper delta=10h48m23s923ms925µs).
2023-10-12T09:48:00.507+05:30  INFO 15300 --- [SpringApplicationShutdownHook] j.LocalContainerEntityManagerFactoryBean : Closing JPA EntityManagerFactory for persistence unit 'default'
2023-10-12T09:48:00.511+05:30  INFO 15300 --- [SpringApplicationShutdownHook] com.zaxxer.hikari.HikariDataSource       : HikariPool-1 - Shutdown initiated...
2023-10-12T09:48:00.516+05:30  INFO 15300 --- [SpringApplicationShutdownHook] com.zaxxer.hikari.HikariDataSource       : HikariPool-1 - Shutdown completed.
2023-10-12T09:48:05.689+05:30  INFO 15644 --- [restartedMain] c.a.authorbook.AuthorbookApplication     : Starting AuthorbookApplication using Java 21 with PID 15644 (C:\Users\balaji.balaraman\Downloads\authorbook (1)\authorbook\target\classes started by balaji.balaraman in C:\Users\balaji.balaraman\Downloads\authorbook (1))
2023-10-12T09:48:05.693+05:30  INFO 15644 --- [restartedMain] c.a.authorbook.AuthorbookApplication     : No active profile set, falling back to 1 default profile: "default"
2023-10-12T09:48:05.866+05:30  INFO 15644 --- [restartedMain] .e.DevToolsPropertyDefaultsPostProcessor : Devtools property defaults active! Set 'spring.devtools.add-properties' to 'false' to disable
2023-10-12T09:48:05.867+05:30  INFO 15644 --- [restartedMain] .e.DevToolsPropertyDefaultsPostProcessor : For additional web related logging consider setting the 'logging.level.web' property to 'DEBUG'
2023-10-12T09:48:07.094+05:30  INFO 15644 --- [restartedMain] .s.d.r.c.RepositoryConfigurationDelegate : Bootstrapping Spring Data JPA repositories in DEFAULT mode.
2023-10-12T09:48:07.269+05:30  INFO 15644 --- [restartedMain] .s.d.r.c.RepositoryConfigurationDelegate : Finished Spring Data repository scanning in 158 ms. Found 2 JPA repository interfaces.
2023-10-12T09:48:08.530+05:30  INFO 15644 --- [restartedMain] o.s.b.w.embedded.tomcat.TomcatWebServer  : Tomcat initialized with port(s): 8080 (http)
2023-10-12T09:48:08.546+05:30  INFO 15644 --- [restartedMain] o.apache.catalina.core.StandardService   : Starting service [Tomcat]
2023-10-12T09:48:08.547+05:30  INFO 15644 --- [restartedMain] o.apache.catalina.core.StandardEngine    : Starting Servlet engine: [Apache Tomcat/10.1.13]
2023-10-12T09:48:08.632+05:30  INFO 15644 --- [restartedMain] o.a.c.c.C.[Tomcat].[localhost].[/]       : Initializing Spring embedded WebApplicationContext
2023-10-12T09:48:08.632+05:30  INFO 15644 --- [restartedMain] w.s.c.ServletWebServerApplicationContext : Root WebApplicationContext: initialization completed in 2764 ms
2023-10-12T09:48:08.874+05:30  INFO 15644 --- [restartedMain] o.hibernate.jpa.internal.util.LogHelper  : HHH000204: Processing PersistenceUnitInfo [name: default]
2023-10-12T09:48:08.966+05:30  INFO 15644 --- [restartedMain] org.hibernate.Version                    : HHH000412: Hibernate ORM core version 6.2.9.Final
2023-10-12T09:48:08.969+05:30  INFO 15644 --- [restartedMain] org.hibernate.cfg.Environment            : HHH000406: Using bytecode reflection optimizer
2023-10-12T09:48:09.147+05:30  INFO 15644 --- [restartedMain] o.h.b.i.BytecodeProviderInitiator        : HHH000021: Bytecode provider name : bytebuddy
2023-10-12T09:48:09.330+05:30  INFO 15644 --- [restartedMain] o.s.o.j.p.SpringPersistenceUnitInfo      : No LoadTimeWeaver setup: ignoring JPA class transformer
2023-10-12T09:48:09.344+05:30  INFO 15644 --- [restartedMain] com.zaxxer.hikari.HikariDataSource       : HikariPool-1 - Starting...
2023-10-12T09:48:09.852+05:30  INFO 15644 --- [restartedMain] com.zaxxer.hikari.pool.HikariPool        : HikariPool-1 - Added connection com.mysql.cj.jdbc.ConnectionImpl@33cdf906
2023-10-12T09:48:09.855+05:30  INFO 15644 --- [restartedMain] com.zaxxer.hikari.HikariDataSource       : HikariPool-1 - Start completed.
2023-10-12T09:48:12.656+05:30  INFO 15644 --- [restartedMain] o.h.b.i.BytecodeProviderInitiator        : HHH000021: Bytecode provider name : bytebuddy
2023-10-12T09:48:13.227+05:30  INFO 15644 --- [restartedMain] o.h.e.t.j.p.i.JtaPlatformInitiator       : HHH000490: Using JtaPlatform implementation: [org.hibernate.engine.transaction.jta.platform.internal.NoJtaPlatform]
2023-10-12T09:48:15.538+05:30  INFO 15644 --- [restartedMain] j.LocalContainerEntityManagerFactoryBean : Initialized JPA EntityManagerFactory for persistence unit 'default'
2023-10-12T09:48:15.962+05:30  WARN 15644 --- [restartedMain] JpaBaseConfiguration$JpaWebConfiguration : spring.jpa.open-in-view is enabled by default. Therefore, database queries may be performed during view rendering. Explicitly configure spring.jpa.open-in-view to disable this warning
2023-10-12T09:48:16.116+05:30  INFO 15644 --- [restartedMain] o.s.b.a.w.s.WelcomePageHandlerMapping    : Adding welcome page template: index
2023-10-12T09:48:16.322+05:30  INFO 15644 --- [restartedMain] o.s.b.d.a.OptionalLiveReloadServer       : LiveReload server is running on port 35729
2023-10-12T09:48:16.354+05:30  INFO 15644 --- [restartedMain] o.s.b.w.embedded.tomcat.TomcatWebServer  : Tomcat started on port(s): 8080 (http) with context path ''
2023-10-12T09:48:16.366+05:30  INFO 15644 --- [restartedMain] c.a.authorbook.AuthorbookApplication     : Started AuthorbookApplication in 11.536 seconds (process running for 12.217)
2023-10-12T09:48:28.850+05:30  INFO 15644 --- [http-nio-8080-exec-1] o.a.c.c.C.[Tomcat].[localhost].[/]       : Initializing Spring DispatcherServlet 'dispatcherServlet'
2023-10-12T09:48:28.851+05:30  INFO 15644 --- [http-nio-8080-exec-1] o.s.web.servlet.DispatcherServlet        : Initializing Servlet 'dispatcherServlet'
2023-10-12T09:48:28.854+05:30  INFO 15644 --- [http-nio-8080-exec-1] o.s.web.servlet.DispatcherServlet        : Completed initialization in 3 ms
2023-10-12T09:49:39.828+05:30  INFO 15644 --- [SpringApplicationShutdownHook] j.LocalContainerEntityManagerFactoryBean : Closing JPA EntityManagerFactory for persistence unit 'default'
2023-10-12T09:49:39.831+05:30  INFO 15644 --- [SpringApplicationShutdownHook] com.zaxxer.hikari.HikariDataSource       : HikariPool-1 - Shutdown initiated...
2023-10-12T09:49:39.838+05:30  INFO 15644 --- [SpringApplicationShutdownHook] com.zaxxer.hikari.HikariDataSource       : HikariPool-1 - Shutdown completed.
2023-10-12T09:49:42.035+05:30  INFO 12808 --- [restartedMain] c.a.authorbook.AuthorbookApplication     : Starting AuthorbookApplication using Java 21 with PID 12808 (C:\Users\balaji.balaraman\Downloads\authorbook (1)\authorbook\target\classes started by balaji.balaraman in C:\Users\balaji.balaraman\Downloads\authorbook (1))
2023-10-12T09:49:42.040+05:30  INFO 12808 --- [restartedMain] c.a.authorbook.AuthorbookApplication     : No active profile set, falling back to 1 default profile: "default"
2023-10-12T09:49:42.186+05:30  INFO 12808 --- [restartedMain] .e.DevToolsPropertyDefaultsPostProcessor : Devtools property defaults active! Set 'spring.devtools.add-properties' to 'false' to disable
2023-10-12T09:49:42.186+05:30  INFO 12808 --- [restartedMain] .e.DevToolsPropertyDefaultsPostProcessor : For additional web related logging consider setting the 'logging.level.web' property to 'DEBUG'
2023-10-12T09:49:43.496+05:30  INFO 12808 --- [restartedMain] .s.d.r.c.RepositoryConfigurationDelegate : Bootstrapping Spring Data JPA repositories in DEFAULT mode.
2023-10-12T09:49:43.632+05:30  INFO 12808 --- [restartedMain] .s.d.r.c.RepositoryConfigurationDelegate : Finished Spring Data repository scanning in 120 ms. Found 2 JPA repository interfaces.
2023-10-12T09:49:45.003+05:30  INFO 12808 --- [restartedMain] o.s.b.w.embedded.tomcat.TomcatWebServer  : Tomcat initialized with port(s): 8080 (http)
2023-10-12T09:49:45.031+05:30  INFO 12808 --- [restartedMain] o.apache.catalina.core.StandardService   : Starting service [Tomcat]
2023-10-12T09:49:45.033+05:30  INFO 12808 --- [restartedMain] o.apache.catalina.core.StandardEngine    : Starting Servlet engine: [Apache Tomcat/10.1.13]
2023-10-12T09:49:45.184+05:30  INFO 12808 --- [restartedMain] o.a.c.c.C.[Tomcat].[localhost].[/]       : Initializing Spring embedded WebApplicationContext
2023-10-12T09:49:45.184+05:30  INFO 12808 --- [restartedMain] w.s.c.ServletWebServerApplicationContext : Root WebApplicationContext: initialization completed in 2997 ms
2023-10-12T09:49:45.496+05:30  INFO 12808 --- [restartedMain] o.hibernate.jpa.internal.util.LogHelper  : HHH000204: Processing PersistenceUnitInfo [name: default]
2023-10-12T09:49:45.609+05:30  INFO 12808 --- [restartedMain] org.hibernate.Version                    : HHH000412: Hibernate ORM core version 6.2.9.Final
2023-10-12T09:49:45.613+05:30  INFO 12808 --- [restartedMain] org.hibernate.cfg.Environment            : HHH000406: Using bytecode reflection optimizer
2023-10-12T09:49:45.849+05:30  INFO 12808 --- [restartedMain] o.h.b.i.BytecodeProviderInitiator        : HHH000021: Bytecode provider name : bytebuddy
2023-10-12T09:49:46.036+05:30  INFO 12808 --- [restartedMain] o.s.o.j.p.SpringPersistenceUnitInfo      : No LoadTimeWeaver setup: ignoring JPA class transformer
2023-10-12T09:49:46.052+05:30  INFO 12808 --- [restartedMain] com.zaxxer.hikari.HikariDataSource       : HikariPool-1 - Starting...
2023-10-12T09:49:46.555+05:30  INFO 12808 --- [restartedMain] com.zaxxer.hikari.pool.HikariPool        : HikariPool-1 - Added connection com.mysql.cj.jdbc.ConnectionImpl@1d033ded
2023-10-12T09:49:46.557+05:30  INFO 12808 --- [restartedMain] com.zaxxer.hikari.HikariDataSource       : HikariPool-1 - Start completed.
2023-10-12T09:49:47.143+05:30  INFO 12808 --- [restartedMain] o.h.b.i.BytecodeProviderInitiator        : HHH000021: Bytecode provider name : bytebuddy
2023-10-12T09:49:47.911+05:30  INFO 12808 --- [restartedMain] o.h.e.t.j.p.i.JtaPlatformInitiator       : HHH000490: Using JtaPlatform implementation: [org.hibernate.engine.transaction.jta.platform.internal.NoJtaPlatform]
2023-10-12T09:49:48.135+05:30  INFO 12808 --- [restartedMain] j.LocalContainerEntityManagerFactoryBean : Initialized JPA EntityManagerFactory for persistence unit 'default'
2023-10-12T09:49:48.563+05:30  WARN 12808 --- [restartedMain] JpaBaseConfiguration$JpaWebConfiguration : spring.jpa.open-in-view is enabled by default. Therefore, database queries may be performed during view rendering. Explicitly configure spring.jpa.open-in-view to disable this warning
2023-10-12T09:49:48.725+05:30  INFO 12808 --- [restartedMain] o.s.b.a.w.s.WelcomePageHandlerMapping    : Adding welcome page template: index
2023-10-12T09:49:48.969+05:30  INFO 12808 --- [restartedMain] o.s.b.d.a.OptionalLiveReloadServer       : LiveReload server is running on port 35729
2023-10-12T09:49:49.011+05:30  INFO 12808 --- [restartedMain] o.s.b.w.embedded.tomcat.TomcatWebServer  : Tomcat started on port(s): 8080 (http) with context path ''
2023-10-12T09:49:49.025+05:30  INFO 12808 --- [restartedMain] c.a.authorbook.AuthorbookApplication     : Started AuthorbookApplication in 7.634 seconds (process running for 8.186)
2023-10-12T09:49:54.802+05:30  INFO 12808 --- [http-nio-8080-exec-1] o.a.c.c.C.[Tomcat].[localhost].[/]       : Initializing Spring DispatcherServlet 'dispatcherServlet'
2023-10-12T09:49:54.803+05:30  INFO 12808 --- [http-nio-8080-exec-1] o.s.web.servlet.DispatcherServlet        : Initializing Servlet 'dispatcherServlet'
2023-10-12T09:49:54.804+05:30  INFO 12808 --- [http-nio-8080-exec-1] o.s.web.servlet.DispatcherServlet        : Completed initialization in 1 ms
2023-10-12T09:51:38.079+05:30  INFO 12808 --- [SpringApplicationShutdownHook] j.LocalContainerEntityManagerFactoryBean : Closing JPA EntityManagerFactory for persistence unit 'default'
2023-10-12T09:51:38.083+05:30  INFO 12808 --- [SpringApplicationShutdownHook] com.zaxxer.hikari.HikariDataSource       : HikariPool-1 - Shutdown initiated...
2023-10-12T09:51:38.092+05:30  INFO 12808 --- [SpringApplicationShutdownHook] com.zaxxer.hikari.HikariDataSource       : HikariPool-1 - Shutdown completed.
2023-10-12T09:52:54.964+05:30  INFO 2224 --- [restartedMain] c.a.authorbook.AuthorbookApplication     : Starting AuthorbookApplication using Java 21 with PID 2224 (C:\Users\balaji.balaraman\Downloads\authorbook (1)\authorbook\target\classes started by balaji.balaraman in C:\Users\balaji.balaraman\Downloads\authorbook (1))
2023-10-12T09:52:54.966+05:30  INFO 2224 --- [restartedMain] c.a.authorbook.AuthorbookApplication     : No active profile set, falling back to 1 default profile: "default"
2023-10-12T09:52:55.083+05:30  INFO 2224 --- [restartedMain] .e.DevToolsPropertyDefaultsPostProcessor : Devtools property defaults active! Set 'spring.devtools.add-properties' to 'false' to disable
2023-10-12T09:52:55.084+05:30  INFO 2224 --- [restartedMain] .e.DevToolsPropertyDefaultsPostProcessor : For additional web related logging consider setting the 'logging.level.web' property to 'DEBUG'
2023-10-12T09:52:56.475+05:30  INFO 2224 --- [restartedMain] .s.d.r.c.RepositoryConfigurationDelegate : Bootstrapping Spring Data JPA repositories in DEFAULT mode.
2023-10-12T09:52:56.637+05:30  INFO 2224 --- [restartedMain] .s.d.r.c.RepositoryConfigurationDelegate : Finished Spring Data repository scanning in 141 ms. Found 2 JPA repository interfaces.
2023-10-12T09:52:58.364+05:30  INFO 2224 --- [restartedMain] o.s.b.w.embedded.tomcat.TomcatWebServer  : Tomcat initialized with port(s): 8080 (http)
2023-10-12T09:52:58.381+05:30  INFO 2224 --- [restartedMain] o.apache.catalina.core.StandardService   : Starting service [Tomcat]
2023-10-12T09:52:58.381+05:30  INFO 2224 --- [restartedMain] o.apache.catalina.core.StandardEngine    : Starting Servlet engine: [Apache Tomcat/10.1.13]
2023-10-12T09:52:58.471+05:30  INFO 2224 --- [restartedMain] o.a.c.c.C.[Tomcat].[localhost].[/]       : Initializing Spring embedded WebApplicationContext
2023-10-12T09:52:58.471+05:30  INFO 2224 --- [restartedMain] w.s.c.ServletWebServerApplicationContext : Root WebApplicationContext: initialization completed in 3386 ms
2023-10-12T09:52:58.726+05:30  INFO 2224 --- [restartedMain] o.hibernate.jpa.internal.util.LogHelper  : HHH000204: Processing PersistenceUnitInfo [name: default]
2023-10-12T09:52:58.807+05:30  INFO 2224 --- [restartedMain] org.hibernate.Version                    : HHH000412: Hibernate ORM core version 6.2.9.Final
2023-10-12T09:52:58.810+05:30  INFO 2224 --- [restartedMain] org.hibernate.cfg.Environment            : HHH000406: Using bytecode reflection optimizer
2023-10-12T09:52:59.050+05:30  INFO 2224 --- [restartedMain] o.h.b.i.BytecodeProviderInitiator        : HHH000021: Bytecode provider name : bytebuddy
2023-10-12T09:52:59.274+05:30  INFO 2224 --- [restartedMain] o.s.o.j.p.SpringPersistenceUnitInfo      : No LoadTimeWeaver setup: ignoring JPA class transformer
2023-10-12T09:52:59.289+05:30  INFO 2224 --- [restartedMain] com.zaxxer.hikari.HikariDataSource       : HikariPool-1 - Starting...
2023-10-12T09:53:00.056+05:30  INFO 2224 --- [restartedMain] com.zaxxer.hikari.pool.HikariPool        : HikariPool-1 - Added connection com.mysql.cj.jdbc.ConnectionImpl@42927940
2023-10-12T09:53:00.060+05:30  INFO 2224 --- [restartedMain] com.zaxxer.hikari.HikariDataSource       : HikariPool-1 - Start completed.
2023-10-12T09:53:00.606+05:30  INFO 2224 --- [restartedMain] o.h.b.i.BytecodeProviderInitiator        : HHH000021: Bytecode provider name : bytebuddy
2023-10-12T09:53:01.356+05:30  INFO 2224 --- [restartedMain] o.h.e.t.j.p.i.JtaPlatformInitiator       : HHH000490: Using JtaPlatform implementation: [org.hibernate.engine.transaction.jta.platform.internal.NoJtaPlatform]
2023-10-12T09:53:01.583+05:30  INFO 2224 --- [restartedMain] j.LocalContainerEntityManagerFactoryBean : Initialized JPA EntityManagerFactory for persistence unit 'default'
2023-10-12T09:53:02.130+05:30  WARN 2224 --- [restartedMain] JpaBaseConfiguration$JpaWebConfiguration : spring.jpa.open-in-view is enabled by default. Therefore, database queries may be performed during view rendering. Explicitly configure spring.jpa.open-in-view to disable this warning
2023-10-12T09:53:02.394+05:30  INFO 2224 --- [restartedMain] o.s.b.a.w.s.WelcomePageHandlerMapping    : Adding welcome page template: index
2023-10-12T09:53:02.741+05:30  INFO 2224 --- [restartedMain] o.s.b.d.a.OptionalLiveReloadServer       : LiveReload server is running on port 35729
2023-10-12T09:53:02.793+05:30  INFO 2224 --- [restartedMain] o.s.b.w.embedded.tomcat.TomcatWebServer  : Tomcat started on port(s): 8080 (http) with context path ''
2023-10-12T09:53:02.811+05:30  INFO 2224 --- [restartedMain] c.a.authorbook.AuthorbookApplication     : Started AuthorbookApplication in 8.416 seconds (process running for 9.37)
2023-10-12T09:53:11.824+05:30  INFO 2224 --- [http-nio-8080-exec-1] o.a.c.c.C.[Tomcat].[localhost].[/]       : Initializing Spring DispatcherServlet 'dispatcherServlet'
2023-10-12T09:53:11.825+05:30  INFO 2224 --- [http-nio-8080-exec-1] o.s.web.servlet.DispatcherServlet        : Initializing Servlet 'dispatcherServlet'
2023-10-12T09:53:11.828+05:30  INFO 2224 --- [http-nio-8080-exec-1] o.s.web.servlet.DispatcherServlet        : Completed initialization in 3 ms
2023-10-12T09:54:18.092+05:30  INFO 2224 --- [SpringApplicationShutdownHook] j.LocalContainerEntityManagerFactoryBean : Closing JPA EntityManagerFactory for persistence unit 'default'
2023-10-12T09:54:18.095+05:30  INFO 2224 --- [SpringApplicationShutdownHook] com.zaxxer.hikari.HikariDataSource       : HikariPool-1 - Shutdown initiated...
2023-10-12T09:54:18.104+05:30  INFO 2224 --- [SpringApplicationShutdownHook] com.zaxxer.hikari.HikariDataSource       : HikariPool-1 - Shutdown completed.
2023-10-12T09:54:21.122+05:30  INFO 21700 --- [restartedMain] c.a.authorbook.AuthorbookApplication     : Starting AuthorbookApplication using Java 21 with PID 21700 (C:\Users\balaji.balaraman\Downloads\authorbook (1)\authorbook\target\classes started by balaji.balaraman in C:\Users\balaji.balaraman\Downloads\authorbook (1))
2023-10-12T09:54:21.127+05:30  INFO 21700 --- [restartedMain] c.a.authorbook.AuthorbookApplication     : No active profile set, falling back to 1 default profile: "default"
2023-10-12T09:54:21.267+05:30  INFO 21700 --- [restartedMain] .e.DevToolsPropertyDefaultsPostProcessor : Devtools property defaults active! Set 'spring.devtools.add-properties' to 'false' to disable
2023-10-12T09:54:21.267+05:30  INFO 21700 --- [restartedMain] .e.DevToolsPropertyDefaultsPostProcessor : For additional web related logging consider setting the 'logging.level.web' property to 'DEBUG'
2023-10-12T09:54:22.463+05:30  INFO 21700 --- [restartedMain] .s.d.r.c.RepositoryConfigurationDelegate : Bootstrapping Spring Data JPA repositories in DEFAULT mode.
2023-10-12T09:54:22.584+05:30  INFO 21700 --- [restartedMain] .s.d.r.c.RepositoryConfigurationDelegate : Finished Spring Data repository scanning in 104 ms. Found 2 JPA repository interfaces.
2023-10-12T09:54:23.711+05:30  INFO 21700 --- [restartedMain] o.s.b.w.embedded.tomcat.TomcatWebServer  : Tomcat initialized with port(s): 8080 (http)
2023-10-12T09:54:23.729+05:30  INFO 21700 --- [restartedMain] o.apache.catalina.core.StandardService   : Starting service [Tomcat]
2023-10-12T09:54:23.731+05:30  INFO 21700 --- [restartedMain] o.apache.catalina.core.StandardEngine    : Starting Servlet engine: [Apache Tomcat/10.1.13]
2023-10-12T09:54:23.832+05:30  INFO 21700 --- [restartedMain] o.a.c.c.C.[Tomcat].[localhost].[/]       : Initializing Spring embedded WebApplicationContext
2023-10-12T09:54:23.832+05:30  INFO 21700 --- [restartedMain] w.s.c.ServletWebServerApplicationContext : Root WebApplicationContext: initialization completed in 2564 ms
2023-10-12T09:54:24.121+05:30  INFO 21700 --- [restartedMain] o.hibernate.jpa.internal.util.LogHelper  : HHH000204: Processing PersistenceUnitInfo [name: default]
2023-10-12T09:54:24.214+05:30  INFO 21700 --- [restartedMain] org.hibernate.Version                    : HHH000412: Hibernate ORM core version 6.2.9.Final
2023-10-12T09:54:24.218+05:30  INFO 21700 --- [restartedMain] org.hibernate.cfg.Environment            : HHH000406: Using bytecode reflection optimizer
2023-10-12T09:54:24.458+05:30  INFO 21700 --- [restartedMain] o.h.b.i.BytecodeProviderInitiator        : HHH000021: Bytecode provider name : bytebuddy
2023-10-12T09:54:24.668+05:30  INFO 21700 --- [restartedMain] o.s.o.j.p.SpringPersistenceUnitInfo      : No LoadTimeWeaver setup: ignoring JPA class transformer
2023-10-12T09:54:24.692+05:30  INFO 21700 --- [restartedMain] com.zaxxer.hikari.HikariDataSource       : HikariPool-1 - Starting...
2023-10-12T09:54:25.221+05:30  INFO 21700 --- [restartedMain] com.zaxxer.hikari.pool.HikariPool        : HikariPool-1 - Added connection com.mysql.cj.jdbc.ConnectionImpl@33cdf906
2023-10-12T09:54:25.224+05:30  INFO 21700 --- [restartedMain] com.zaxxer.hikari.HikariDataSource       : HikariPool-1 - Start completed.
2023-10-12T09:54:25.797+05:30  INFO 21700 --- [restartedMain] o.h.b.i.BytecodeProviderInitiator        : HHH000021: Bytecode provider name : bytebuddy
2023-10-12T09:54:26.599+05:30  INFO 21700 --- [restartedMain] o.h.e.t.j.p.i.JtaPlatformInitiator       : HHH000490: Using JtaPlatform implementation: [org.hibernate.engine.transaction.jta.platform.internal.NoJtaPlatform]
2023-10-12T09:54:26.767+05:30  INFO 21700 --- [restartedMain] j.LocalContainerEntityManagerFactoryBean : Initialized JPA EntityManagerFactory for persistence unit 'default'
2023-10-12T09:54:27.254+05:30  WARN 21700 --- [restartedMain] JpaBaseConfiguration$JpaWebConfiguration : spring.jpa.open-in-view is enabled by default. Therefore, database queries may be performed during view rendering. Explicitly configure spring.jpa.open-in-view to disable this warning
2023-10-12T09:54:27.452+05:30  INFO 21700 --- [restartedMain] o.s.b.a.w.s.WelcomePageHandlerMapping    : Adding welcome page template: index
2023-10-12T09:54:27.735+05:30  INFO 21700 --- [restartedMain] o.s.b.d.a.OptionalLiveReloadServer       : LiveReload server is running on port 35729
2023-10-12T09:54:27.784+05:30  INFO 21700 --- [restartedMain] o.s.b.w.embedded.tomcat.TomcatWebServer  : Tomcat started on port(s): 8080 (http) with context path ''
2023-10-12T09:54:27.798+05:30  INFO 21700 --- [restartedMain] c.a.authorbook.AuthorbookApplication     : Started AuthorbookApplication in 7.2 seconds (process running for 7.8)
2023-10-12T09:54:31.510+05:30  INFO 21700 --- [http-nio-8080-exec-1] o.a.c.c.C.[Tomcat].[localhost].[/]       : Initializing Spring DispatcherServlet 'dispatcherServlet'
2023-10-12T09:54:31.511+05:30  INFO 21700 --- [http-nio-8080-exec-1] o.s.web.servlet.DispatcherServlet        : Initializing Servlet 'dispatcherServlet'
2023-10-12T09:54:31.513+05:30  INFO 21700 --- [http-nio-8080-exec-1] o.s.web.servlet.DispatcherServlet        : Completed initialization in 2 ms
2023-10-12T09:56:53.886+05:30  INFO 21700 --- [SpringApplicationShutdownHook] j.LocalContainerEntityManagerFactoryBean : Closing JPA EntityManagerFactory for persistence unit 'default'
2023-10-12T09:56:53.891+05:30  INFO 21700 --- [SpringApplicationShutdownHook] com.zaxxer.hikari.HikariDataSource       : HikariPool-1 - Shutdown initiated...
2023-10-12T09:56:53.899+05:30  INFO 21700 --- [SpringApplicationShutdownHook] com.zaxxer.hikari.HikariDataSource       : HikariPool-1 - Shutdown completed.
2023-10-12T09:56:56.463+05:30  INFO 2324 --- [restartedMain] c.a.authorbook.AuthorbookApplication     : Starting AuthorbookApplication using Java 21 with PID 2324 (C:\Users\balaji.balaraman\Downloads\authorbook (1)\authorbook\target\classes started by balaji.balaraman in C:\Users\balaji.balaraman\Downloads\authorbook (1))
2023-10-12T09:56:56.466+05:30  INFO 2324 --- [restartedMain] c.a.authorbook.AuthorbookApplication     : No active profile set, falling back to 1 default profile: "default"
2023-10-12T09:56:56.569+05:30  INFO 2324 --- [restartedMain] .e.DevToolsPropertyDefaultsPostProcessor : Devtools property defaults active! Set 'spring.devtools.add-properties' to 'false' to disable
2023-10-12T09:56:56.569+05:30  INFO 2324 --- [restartedMain] .e.DevToolsPropertyDefaultsPostProcessor : For additional web related logging consider setting the 'logging.level.web' property to 'DEBUG'
2023-10-12T09:56:57.678+05:30  INFO 2324 --- [restartedMain] .s.d.r.c.RepositoryConfigurationDelegate : Bootstrapping Spring Data JPA repositories in DEFAULT mode.
2023-10-12T09:56:57.816+05:30  INFO 2324 --- [restartedMain] .s.d.r.c.RepositoryConfigurationDelegate : Finished Spring Data repository scanning in 122 ms. Found 2 JPA repository interfaces.
2023-10-12T09:56:59.022+05:30  INFO 2324 --- [restartedMain] o.s.b.w.embedded.tomcat.TomcatWebServer  : Tomcat initialized with port(s): 8080 (http)
2023-10-12T09:56:59.045+05:30  INFO 2324 --- [restartedMain] o.apache.catalina.core.StandardService   : Starting service [Tomcat]
2023-10-12T09:56:59.047+05:30  INFO 2324 --- [restartedMain] o.apache.catalina.core.StandardEngine    : Starting Servlet engine: [Apache Tomcat/10.1.13]
2023-10-12T09:56:59.203+05:30  INFO 2324 --- [restartedMain] o.a.c.c.C.[Tomcat].[localhost].[/]       : Initializing Spring embedded WebApplicationContext
2023-10-12T09:56:59.204+05:30  INFO 2324 --- [restartedMain] w.s.c.ServletWebServerApplicationContext : Root WebApplicationContext: initialization completed in 2634 ms
2023-10-12T09:56:59.525+05:30  INFO 2324 --- [restartedMain] o.hibernate.jpa.internal.util.LogHelper  : HHH000204: Processing PersistenceUnitInfo [name: default]
2023-10-12T09:56:59.602+05:30  INFO 2324 --- [restartedMain] org.hibernate.Version                    : HHH000412: Hibernate ORM core version 6.2.9.Final
2023-10-12T09:56:59.605+05:30  INFO 2324 --- [restartedMain] org.hibernate.cfg.Environment            : HHH000406: Using bytecode reflection optimizer
2023-10-12T09:56:59.806+05:30  INFO 2324 --- [restartedMain] o.h.b.i.BytecodeProviderInitiator        : HHH000021: Bytecode provider name : bytebuddy
2023-10-12T09:56:59.975+05:30  INFO 2324 --- [restartedMain] o.s.o.j.p.SpringPersistenceUnitInfo      : No LoadTimeWeaver setup: ignoring JPA class transformer
2023-10-12T09:56:59.989+05:30  INFO 2324 --- [restartedMain] com.zaxxer.hikari.HikariDataSource       : HikariPool-1 - Starting...
2023-10-12T09:57:00.475+05:30  INFO 2324 --- [restartedMain] com.zaxxer.hikari.pool.HikariPool        : HikariPool-1 - Added connection com.mysql.cj.jdbc.ConnectionImpl@24ba47e0
2023-10-12T09:57:00.478+05:30  INFO 2324 --- [restartedMain] com.zaxxer.hikari.HikariDataSource       : HikariPool-1 - Start completed.
2023-10-12T09:57:00.864+05:30  INFO 2324 --- [restartedMain] o.h.b.i.BytecodeProviderInitiator        : HHH000021: Bytecode provider name : bytebuddy
2023-10-12T09:57:01.525+05:30  INFO 2324 --- [restartedMain] o.h.e.t.j.p.i.JtaPlatformInitiator       : HHH000490: Using JtaPlatform implementation: [org.hibernate.engine.transaction.jta.platform.internal.NoJtaPlatform]
2023-10-12T09:57:01.590+05:30  INFO 2324 --- [restartedMain] j.LocalContainerEntityManagerFactoryBean : Initialized JPA EntityManagerFactory for persistence unit 'default'
2023-10-12T09:57:02.066+05:30  WARN 2324 --- [restartedMain] JpaBaseConfiguration$JpaWebConfiguration : spring.jpa.open-in-view is enabled by default. Therefore, database queries may be performed during view rendering. Explicitly configure spring.jpa.open-in-view to disable this warning
2023-10-12T09:57:02.243+05:30  INFO 2324 --- [restartedMain] o.s.b.a.w.s.WelcomePageHandlerMapping    : Adding welcome page template: index
2023-10-12T09:57:02.507+05:30  INFO 2324 --- [restartedMain] o.s.b.d.a.OptionalLiveReloadServer       : LiveReload server is running on port 35729
2023-10-12T09:57:02.555+05:30  INFO 2324 --- [restartedMain] o.s.b.w.embedded.tomcat.TomcatWebServer  : Tomcat started on port(s): 8080 (http) with context path ''
2023-10-12T09:57:02.571+05:30  INFO 2324 --- [restartedMain] c.a.authorbook.AuthorbookApplication     : Started AuthorbookApplication in 6.622 seconds (process running for 7.235)
2023-10-12T09:57:11.215+05:30  INFO 2324 --- [http-nio-8080-exec-1] o.a.c.c.C.[Tomcat].[localhost].[/]       : Initializing Spring DispatcherServlet 'dispatcherServlet'
2023-10-12T09:57:11.216+05:30  INFO 2324 --- [http-nio-8080-exec-1] o.s.web.servlet.DispatcherServlet        : Initializing Servlet 'dispatcherServlet'
2023-10-12T09:57:11.219+05:30  INFO 2324 --- [http-nio-8080-exec-1] o.s.web.servlet.DispatcherServlet        : Completed initialization in 3 ms
2023-10-12T10:00:08.096+05:30  INFO 2324 --- [SpringApplicationShutdownHook] j.LocalContainerEntityManagerFactoryBean : Closing JPA EntityManagerFactory for persistence unit 'default'
2023-10-12T10:00:08.099+05:30  INFO 2324 --- [SpringApplicationShutdownHook] com.zaxxer.hikari.HikariDataSource       : HikariPool-1 - Shutdown initiated...
2023-10-12T10:00:08.108+05:30  INFO 2324 --- [SpringApplicationShutdownHook] com.zaxxer.hikari.HikariDataSource       : HikariPool-1 - Shutdown completed.
2023-10-12T10:00:11.477+05:30  INFO 9148 --- [restartedMain] c.a.authorbook.AuthorbookApplication     : Starting AuthorbookApplication using Java 21 with PID 9148 (C:\Users\balaji.balaraman\Downloads\authorbook (1)\authorbook\target\classes started by balaji.balaraman in C:\Users\balaji.balaraman\Downloads\authorbook (1))
2023-10-12T10:00:11.482+05:30  INFO 9148 --- [restartedMain] c.a.authorbook.AuthorbookApplication     : No active profile set, falling back to 1 default profile: "default"
2023-10-12T10:00:11.618+05:30  INFO 9148 --- [restartedMain] .e.DevToolsPropertyDefaultsPostProcessor : Devtools property defaults active! Set 'spring.devtools.add-properties' to 'false' to disable
2023-10-12T10:00:11.619+05:30  INFO 9148 --- [restartedMain] .e.DevToolsPropertyDefaultsPostProcessor : For additional web related logging consider setting the 'logging.level.web' property to 'DEBUG'
2023-10-12T10:00:12.802+05:30  INFO 9148 --- [restartedMain] .s.d.r.c.RepositoryConfigurationDelegate : Bootstrapping Spring Data JPA repositories in DEFAULT mode.
2023-10-12T10:00:12.952+05:30  INFO 9148 --- [restartedMain] .s.d.r.c.RepositoryConfigurationDelegate : Finished Spring Data repository scanning in 134 ms. Found 2 JPA repository interfaces.
2023-10-12T10:00:14.081+05:30  INFO 9148 --- [restartedMain] o.s.b.w.embedded.tomcat.TomcatWebServer  : Tomcat initialized with port(s): 8080 (http)
2023-10-12T10:00:14.099+05:30  INFO 9148 --- [restartedMain] o.apache.catalina.core.StandardService   : Starting service [Tomcat]
2023-10-12T10:00:14.100+05:30  INFO 9148 --- [restartedMain] o.apache.catalina.core.StandardEngine    : Starting Servlet engine: [Apache Tomcat/10.1.13]
2023-10-12T10:00:14.217+05:30  INFO 9148 --- [restartedMain] o.a.c.c.C.[Tomcat].[localhost].[/]       : Initializing Spring embedded WebApplicationContext
2023-10-12T10:00:14.217+05:30  INFO 9148 --- [restartedMain] w.s.c.ServletWebServerApplicationContext : Root WebApplicationContext: initialization completed in 2597 ms
2023-10-12T10:00:14.501+05:30  INFO 9148 --- [restartedMain] o.hibernate.jpa.internal.util.LogHelper  : HHH000204: Processing PersistenceUnitInfo [name: default]
2023-10-12T10:00:14.594+05:30  INFO 9148 --- [restartedMain] org.hibernate.Version                    : HHH000412: Hibernate ORM core version 6.2.9.Final
2023-10-12T10:00:14.597+05:30  INFO 9148 --- [restartedMain] org.hibernate.cfg.Environment            : HHH000406: Using bytecode reflection optimizer
2023-10-12T10:00:14.776+05:30  INFO 9148 --- [restartedMain] o.h.b.i.BytecodeProviderInitiator        : HHH000021: Bytecode provider name : bytebuddy
2023-10-12T10:00:14.946+05:30  INFO 9148 --- [restartedMain] o.s.o.j.p.SpringPersistenceUnitInfo      : No LoadTimeWeaver setup: ignoring JPA class transformer
2023-10-12T10:00:14.963+05:30  INFO 9148 --- [restartedMain] com.zaxxer.hikari.HikariDataSource       : HikariPool-1 - Starting...
2023-10-12T10:00:15.422+05:30  INFO 9148 --- [restartedMain] com.zaxxer.hikari.pool.HikariPool        : HikariPool-1 - Added connection com.mysql.cj.jdbc.ConnectionImpl@24ba47e0
2023-10-12T10:00:15.425+05:30  INFO 9148 --- [restartedMain] com.zaxxer.hikari.HikariDataSource       : HikariPool-1 - Start completed.
2023-10-12T10:00:15.822+05:30  INFO 9148 --- [restartedMain] o.h.b.i.BytecodeProviderInitiator        : HHH000021: Bytecode provider name : bytebuddy
2023-10-12T10:00:16.443+05:30  INFO 9148 --- [restartedMain] o.h.e.t.j.p.i.JtaPlatformInitiator       : HHH000490: Using JtaPlatform implementation: [org.hibernate.engine.transaction.jta.platform.internal.NoJtaPlatform]
2023-10-12T10:00:16.617+05:30  INFO 9148 --- [restartedMain] j.LocalContainerEntityManagerFactoryBean : Initialized JPA EntityManagerFactory for persistence unit 'default'
2023-10-12T10:00:17.120+05:30  WARN 9148 --- [restartedMain] JpaBaseConfiguration$JpaWebConfiguration : spring.jpa.open-in-view is enabled by default. Therefore, database queries may be performed during view rendering. Explicitly configure spring.jpa.open-in-view to disable this warning
2023-10-12T10:00:17.320+05:30  INFO 9148 --- [restartedMain] o.s.b.a.w.s.WelcomePageHandlerMapping    : Adding welcome page template: index
2023-10-12T10:00:17.576+05:30  INFO 9148 --- [restartedMain] o.s.b.d.a.OptionalLiveReloadServer       : LiveReload server is running on port 35729
2023-10-12T10:00:17.622+05:30  INFO 9148 --- [restartedMain] o.s.b.w.embedded.tomcat.TomcatWebServer  : Tomcat started on port(s): 8080 (http) with context path ''
2023-10-12T10:00:17.637+05:30  INFO 9148 --- [restartedMain] c.a.authorbook.AuthorbookApplication     : Started AuthorbookApplication in 7.136 seconds (process running for 7.852)
2023-10-12T10:00:22.891+05:30  INFO 9148 --- [http-nio-8080-exec-1] o.a.c.c.C.[Tomcat].[localhost].[/]       : Initializing Spring DispatcherServlet 'dispatcherServlet'
2023-10-12T10:00:22.892+05:30  INFO 9148 --- [http-nio-8080-exec-1] o.s.web.servlet.DispatcherServlet        : Initializing Servlet 'dispatcherServlet'
2023-10-12T10:00:22.893+05:30  INFO 9148 --- [http-nio-8080-exec-1] o.s.web.servlet.DispatcherServlet        : Completed initialization in 1 ms
2023-10-12T10:00:54.711+05:30  WARN 9148 --- [http-nio-8080-exec-3] .w.s.m.s.DefaultHandlerExceptionResolver : Resolved [org.springframework.web.HttpRequestMethodNotSupportedException: Request method 'PUT' is not supported]
2023-10-12T10:03:10.237+05:30  INFO 9148 --- [SpringApplicationShutdownHook] j.LocalContainerEntityManagerFactoryBean : Closing JPA EntityManagerFactory for persistence unit 'default'
2023-10-12T10:03:10.240+05:30  INFO 9148 --- [SpringApplicationShutdownHook] com.zaxxer.hikari.HikariDataSource       : HikariPool-1 - Shutdown initiated...
2023-10-12T10:03:10.249+05:30  INFO 9148 --- [SpringApplicationShutdownHook] com.zaxxer.hikari.HikariDataSource       : HikariPool-1 - Shutdown completed.
2023-10-12T10:03:13.015+05:30  INFO 12184 --- [restartedMain] c.a.authorbook.AuthorbookApplication     : Starting AuthorbookApplication using Java 21 with PID 12184 (C:\Users\balaji.balaraman\Downloads\authorbook (1)\authorbook\target\classes started by balaji.balaraman in C:\Users\balaji.balaraman\Downloads\authorbook (1))
2023-10-12T10:03:13.018+05:30  INFO 12184 --- [restartedMain] c.a.authorbook.AuthorbookApplication     : No active profile set, falling back to 1 default profile: "default"
2023-10-12T10:03:13.141+05:30  INFO 12184 --- [restartedMain] .e.DevToolsPropertyDefaultsPostProcessor : Devtools property defaults active! Set 'spring.devtools.add-properties' to 'false' to disable
2023-10-12T10:03:13.142+05:30  INFO 12184 --- [restartedMain] .e.DevToolsPropertyDefaultsPostProcessor : For additional web related logging consider setting the 'logging.level.web' property to 'DEBUG'
2023-10-12T10:03:14.190+05:30  INFO 12184 --- [restartedMain] .s.d.r.c.RepositoryConfigurationDelegate : Bootstrapping Spring Data JPA repositories in DEFAULT mode.
2023-10-12T10:03:14.283+05:30  INFO 12184 --- [restartedMain] .s.d.r.c.RepositoryConfigurationDelegate : Finished Spring Data repository scanning in 82 ms. Found 2 JPA repository interfaces.
2023-10-12T10:03:15.361+05:30  INFO 12184 --- [restartedMain] o.s.b.w.embedded.tomcat.TomcatWebServer  : Tomcat initialized with port(s): 8080 (http)
2023-10-12T10:03:15.380+05:30  INFO 12184 --- [restartedMain] o.apache.catalina.core.StandardService   : Starting service [Tomcat]
2023-10-12T10:03:15.381+05:30  INFO 12184 --- [restartedMain] o.apache.catalina.core.StandardEngine    : Starting Servlet engine: [Apache Tomcat/10.1.13]
2023-10-12T10:03:15.462+05:30  INFO 12184 --- [restartedMain] o.a.c.c.C.[Tomcat].[localhost].[/]       : Initializing Spring embedded WebApplicationContext
2023-10-12T10:03:15.462+05:30  INFO 12184 --- [restartedMain] w.s.c.ServletWebServerApplicationContext : Root WebApplicationContext: initialization completed in 2319 ms
2023-10-12T10:03:15.734+05:30  INFO 12184 --- [restartedMain] o.hibernate.jpa.internal.util.LogHelper  : HHH000204: Processing PersistenceUnitInfo [name: default]
2023-10-12T10:03:15.835+05:30  INFO 12184 --- [restartedMain] org.hibernate.Version                    : HHH000412: Hibernate ORM core version 6.2.9.Final
2023-10-12T10:03:15.838+05:30  INFO 12184 --- [restartedMain] org.hibernate.cfg.Environment            : HHH000406: Using bytecode reflection optimizer
2023-10-12T10:03:16.076+05:30  INFO 12184 --- [restartedMain] o.h.b.i.BytecodeProviderInitiator        : HHH000021: Bytecode provider name : bytebuddy
2023-10-12T10:03:16.270+05:30  INFO 12184 --- [restartedMain] o.s.o.j.p.SpringPersistenceUnitInfo      : No LoadTimeWeaver setup: ignoring JPA class transformer
2023-10-12T10:03:16.295+05:30  INFO 12184 --- [restartedMain] com.zaxxer.hikari.HikariDataSource       : HikariPool-1 - Starting...
2023-10-12T10:03:16.849+05:30  INFO 12184 --- [restartedMain] com.zaxxer.hikari.pool.HikariPool        : HikariPool-1 - Added connection com.mysql.cj.jdbc.ConnectionImpl@32bd1abd
2023-10-12T10:03:16.853+05:30  INFO 12184 --- [restartedMain] com.zaxxer.hikari.HikariDataSource       : HikariPool-1 - Start completed.
2023-10-12T10:03:17.263+05:30  INFO 12184 --- [restartedMain] o.h.b.i.BytecodeProviderInitiator        : HHH000021: Bytecode provider name : bytebuddy
2023-10-12T10:03:17.952+05:30  INFO 12184 --- [restartedMain] o.h.e.t.j.p.i.JtaPlatformInitiator       : HHH000490: Using JtaPlatform implementation: [org.hibernate.engine.transaction.jta.platform.internal.NoJtaPlatform]
2023-10-12T10:03:18.117+05:30  INFO 12184 --- [restartedMain] j.LocalContainerEntityManagerFactoryBean : Initialized JPA EntityManagerFactory for persistence unit 'default'
2023-10-12T10:03:18.553+05:30  WARN 12184 --- [restartedMain] JpaBaseConfiguration$JpaWebConfiguration : spring.jpa.open-in-view is enabled by default. Therefore, database queries may be performed during view rendering. Explicitly configure spring.jpa.open-in-view to disable this warning
2023-10-12T10:03:18.742+05:30  INFO 12184 --- [restartedMain] o.s.b.a.w.s.WelcomePageHandlerMapping    : Adding welcome page template: index
2023-10-12T10:03:18.953+05:30  INFO 12184 --- [restartedMain] o.s.b.d.a.OptionalLiveReloadServer       : LiveReload server is running on port 35729
2023-10-12T10:03:18.992+05:30  INFO 12184 --- [restartedMain] o.s.b.w.embedded.tomcat.TomcatWebServer  : Tomcat started on port(s): 8080 (http) with context path ''
2023-10-12T10:03:19.003+05:30  INFO 12184 --- [restartedMain] c.a.authorbook.AuthorbookApplication     : Started AuthorbookApplication in 6.811 seconds (process running for 7.443)
2023-10-12T10:03:23.980+05:30  INFO 12184 --- [http-nio-8080-exec-1] o.a.c.c.C.[Tomcat].[localhost].[/]       : Initializing Spring DispatcherServlet 'dispatcherServlet'
2023-10-12T10:03:23.981+05:30  INFO 12184 --- [http-nio-8080-exec-1] o.s.web.servlet.DispatcherServlet        : Initializing Servlet 'dispatcherServlet'
2023-10-12T10:03:23.984+05:30  INFO 12184 --- [http-nio-8080-exec-1] o.s.web.servlet.DispatcherServlet        : Completed initialization in 2 ms
2023-10-12T10:03:36.589+05:30  WARN 12184 --- [http-nio-8080-exec-9] .w.s.m.s.DefaultHandlerExceptionResolver : Resolved [org.springframework.web.HttpRequestMethodNotSupportedException: Request method 'PUT' is not supported]
2023-10-12T10:12:42.446+05:30  INFO 12184 --- [SpringApplicationShutdownHook] j.LocalContainerEntityManagerFactoryBean : Closing JPA EntityManagerFactory for persistence unit 'default'
2023-10-12T10:12:42.451+05:30  INFO 12184 --- [SpringApplicationShutdownHook] com.zaxxer.hikari.HikariDataSource       : HikariPool-1 - Shutdown initiated...
2023-10-12T10:12:42.461+05:30  INFO 12184 --- [SpringApplicationShutdownHook] com.zaxxer.hikari.HikariDataSource       : HikariPool-1 - Shutdown completed.
2023-10-12T10:12:45.269+05:30  INFO 22028 --- [restartedMain] c.a.authorbook.AuthorbookApplication     : Starting AuthorbookApplication using Java 21 with PID 22028 (C:\Users\balaji.balaraman\Downloads\authorbook (1)\authorbook\target\classes started by balaji.balaraman in C:\Users\balaji.balaraman\Downloads\authorbook (1))
2023-10-12T10:12:45.273+05:30  INFO 22028 --- [restartedMain] c.a.authorbook.AuthorbookApplication     : No active profile set, falling back to 1 default profile: "default"
2023-10-12T10:12:45.403+05:30  INFO 22028 --- [restartedMain] .e.DevToolsPropertyDefaultsPostProcessor : Devtools property defaults active! Set 'spring.devtools.add-properties' to 'false' to disable
2023-10-12T10:12:45.404+05:30  INFO 22028 --- [restartedMain] .e.DevToolsPropertyDefaultsPostProcessor : For additional web related logging consider setting the 'logging.level.web' property to 'DEBUG'
2023-10-12T10:12:46.575+05:30  INFO 22028 --- [restartedMain] .s.d.r.c.RepositoryConfigurationDelegate : Bootstrapping Spring Data JPA repositories in DEFAULT mode.
2023-10-12T10:12:46.697+05:30  INFO 22028 --- [restartedMain] .s.d.r.c.RepositoryConfigurationDelegate : Finished Spring Data repository scanning in 108 ms. Found 2 JPA repository interfaces.
2023-10-12T10:12:47.791+05:30  INFO 22028 --- [restartedMain] o.s.b.w.embedded.tomcat.TomcatWebServer  : Tomcat initialized with port(s): 8080 (http)
2023-10-12T10:12:47.813+05:30  INFO 22028 --- [restartedMain] o.apache.catalina.core.StandardService   : Starting service [Tomcat]
2023-10-12T10:12:47.814+05:30  INFO 22028 --- [restartedMain] o.apache.catalina.core.StandardEngine    : Starting Servlet engine: [Apache Tomcat/10.1.13]
2023-10-12T10:12:47.915+05:30  INFO 22028 --- [restartedMain] o.a.c.c.C.[Tomcat].[localhost].[/]       : Initializing Spring embedded WebApplicationContext
2023-10-12T10:12:47.915+05:30  INFO 22028 --- [restartedMain] w.s.c.ServletWebServerApplicationContext : Root WebApplicationContext: initialization completed in 2510 ms
2023-10-12T10:12:48.241+05:30  INFO 22028 --- [restartedMain] o.hibernate.jpa.internal.util.LogHelper  : HHH000204: Processing PersistenceUnitInfo [name: default]
2023-10-12T10:12:48.348+05:30  INFO 22028 --- [restartedMain] org.hibernate.Version                    : HHH000412: Hibernate ORM core version 6.2.9.Final
2023-10-12T10:12:48.352+05:30  INFO 22028 --- [restartedMain] org.hibernate.cfg.Environment            : HHH000406: Using bytecode reflection optimizer
2023-10-12T10:12:48.573+05:30  INFO 22028 --- [restartedMain] o.h.b.i.BytecodeProviderInitiator        : HHH000021: Bytecode provider name : bytebuddy
2023-10-12T10:12:48.790+05:30  INFO 22028 --- [restartedMain] o.s.o.j.p.SpringPersistenceUnitInfo      : No LoadTimeWeaver setup: ignoring JPA class transformer
2023-10-12T10:12:48.807+05:30  INFO 22028 --- [restartedMain] com.zaxxer.hikari.HikariDataSource       : HikariPool-1 - Starting...
2023-10-12T10:12:49.239+05:30  INFO 22028 --- [restartedMain] com.zaxxer.hikari.pool.HikariPool        : HikariPool-1 - Added connection com.mysql.cj.jdbc.ConnectionImpl@2dd8f170
2023-10-12T10:12:49.242+05:30  INFO 22028 --- [restartedMain] com.zaxxer.hikari.HikariDataSource       : HikariPool-1 - Start completed.
2023-10-12T10:12:49.667+05:30  INFO 22028 --- [restartedMain] o.h.b.i.BytecodeProviderInitiator        : HHH000021: Bytecode provider name : bytebuddy
2023-10-12T10:12:50.302+05:30  INFO 22028 --- [restartedMain] o.h.e.t.j.p.i.JtaPlatformInitiator       : HHH000490: Using JtaPlatform implementation: [org.hibernate.engine.transaction.jta.platform.internal.NoJtaPlatform]
2023-10-12T10:12:50.362+05:30  INFO 22028 --- [restartedMain] j.LocalContainerEntityManagerFactoryBean : Initialized JPA EntityManagerFactory for persistence unit 'default'
2023-10-12T10:12:50.834+05:30  WARN 22028 --- [restartedMain] JpaBaseConfiguration$JpaWebConfiguration : spring.jpa.open-in-view is enabled by default. Therefore, database queries may be performed during view rendering. Explicitly configure spring.jpa.open-in-view to disable this warning
2023-10-12T10:12:51.029+05:30  INFO 22028 --- [restartedMain] o.s.b.a.w.s.WelcomePageHandlerMapping    : Adding welcome page template: index
2023-10-12T10:12:51.284+05:30  INFO 22028 --- [restartedMain] o.s.b.d.a.OptionalLiveReloadServer       : LiveReload server is running on port 35729
2023-10-12T10:12:51.329+05:30  INFO 22028 --- [restartedMain] o.s.b.w.embedded.tomcat.TomcatWebServer  : Tomcat started on port(s): 8080 (http) with context path ''
2023-10-12T10:12:51.343+05:30  INFO 22028 --- [restartedMain] c.a.authorbook.AuthorbookApplication     : Started AuthorbookApplication in 6.582 seconds (process running for 7.177)
2023-10-12T10:13:04.559+05:30  INFO 22028 --- [http-nio-8080-exec-1] o.a.c.c.C.[Tomcat].[localhost].[/]       : Initializing Spring DispatcherServlet 'dispatcherServlet'
2023-10-12T10:13:04.560+05:30  INFO 22028 --- [http-nio-8080-exec-1] o.s.web.servlet.DispatcherServlet        : Initializing Servlet 'dispatcherServlet'
2023-10-12T10:13:04.562+05:30  INFO 22028 --- [http-nio-8080-exec-1] o.s.web.servlet.DispatcherServlet        : Completed initialization in 2 ms
2023-10-12T10:14:57.440+05:30  INFO 22028 --- [SpringApplicationShutdownHook] j.LocalContainerEntityManagerFactoryBean : Closing JPA EntityManagerFactory for persistence unit 'default'
2023-10-12T10:14:57.444+05:30  INFO 22028 --- [SpringApplicationShutdownHook] com.zaxxer.hikari.HikariDataSource       : HikariPool-1 - Shutdown initiated...
2023-10-12T10:14:57.454+05:30  INFO 22028 --- [SpringApplicationShutdownHook] com.zaxxer.hikari.HikariDataSource       : HikariPool-1 - Shutdown completed.
2023-10-12T10:15:00.209+05:30  INFO 512 --- [restartedMain] c.a.authorbook.AuthorbookApplication     : Starting AuthorbookApplication using Java 21 with PID 512 (C:\Users\balaji.balaraman\Downloads\authorbook (1)\authorbook\target\classes started by balaji.balaraman in C:\Users\balaji.balaraman\Downloads\authorbook (1))
2023-10-12T10:15:00.214+05:30  INFO 512 --- [restartedMain] c.a.authorbook.AuthorbookApplication     : No active profile set, falling back to 1 default profile: "default"
2023-10-12T10:15:00.366+05:30  INFO 512 --- [restartedMain] .e.DevToolsPropertyDefaultsPostProcessor : Devtools property defaults active! Set 'spring.devtools.add-properties' to 'false' to disable
2023-10-12T10:15:00.366+05:30  INFO 512 --- [restartedMain] .e.DevToolsPropertyDefaultsPostProcessor : For additional web related logging consider setting the 'logging.level.web' property to 'DEBUG'
2023-10-12T10:15:01.488+05:30  INFO 512 --- [restartedMain] .s.d.r.c.RepositoryConfigurationDelegate : Bootstrapping Spring Data JPA repositories in DEFAULT mode.
2023-10-12T10:15:01.603+05:30  INFO 512 --- [restartedMain] .s.d.r.c.RepositoryConfigurationDelegate : Finished Spring Data repository scanning in 102 ms. Found 2 JPA repository interfaces.
2023-10-12T10:15:02.791+05:30  INFO 512 --- [restartedMain] o.s.b.w.embedded.tomcat.TomcatWebServer  : Tomcat initialized with port(s): 8080 (http)
2023-10-12T10:15:02.813+05:30  INFO 512 --- [restartedMain] o.apache.catalina.core.StandardService   : Starting service [Tomcat]
2023-10-12T10:15:02.814+05:30  INFO 512 --- [restartedMain] o.apache.catalina.core.StandardEngine    : Starting Servlet engine: [Apache Tomcat/10.1.13]
2023-10-12T10:15:02.906+05:30  INFO 512 --- [restartedMain] o.a.c.c.C.[Tomcat].[localhost].[/]       : Initializing Spring embedded WebApplicationContext
2023-10-12T10:15:02.906+05:30  INFO 512 --- [restartedMain] w.s.c.ServletWebServerApplicationContext : Root WebApplicationContext: initialization completed in 2538 ms
2023-10-12T10:15:03.198+05:30  INFO 512 --- [restartedMain] o.hibernate.jpa.internal.util.LogHelper  : HHH000204: Processing PersistenceUnitInfo [name: default]
2023-10-12T10:15:03.289+05:30  INFO 512 --- [restartedMain] org.hibernate.Version                    : HHH000412: Hibernate ORM core version 6.2.9.Final
2023-10-12T10:15:03.293+05:30  INFO 512 --- [restartedMain] org.hibernate.cfg.Environment            : HHH000406: Using bytecode reflection optimizer
2023-10-12T10:15:03.458+05:30  INFO 512 --- [restartedMain] o.h.b.i.BytecodeProviderInitiator        : HHH000021: Bytecode provider name : bytebuddy
2023-10-12T10:15:03.609+05:30  INFO 512 --- [restartedMain] o.s.o.j.p.SpringPersistenceUnitInfo      : No LoadTimeWeaver setup: ignoring JPA class transformer
2023-10-12T10:15:03.622+05:30  INFO 512 --- [restartedMain] com.zaxxer.hikari.HikariDataSource       : HikariPool-1 - Starting...
2023-10-12T10:15:04.077+05:30  INFO 512 --- [restartedMain] com.zaxxer.hikari.pool.HikariPool        : HikariPool-1 - Added connection com.mysql.cj.jdbc.ConnectionImpl@2fabd8d3
2023-10-12T10:15:04.081+05:30  INFO 512 --- [restartedMain] com.zaxxer.hikari.HikariDataSource       : HikariPool-1 - Start completed.
2023-10-12T10:15:04.473+05:30  INFO 512 --- [restartedMain] o.h.b.i.BytecodeProviderInitiator        : HHH000021: Bytecode provider name : bytebuddy
2023-10-12T10:15:05.125+05:30  INFO 512 --- [restartedMain] o.h.e.t.j.p.i.JtaPlatformInitiator       : HHH000490: Using JtaPlatform implementation: [org.hibernate.engine.transaction.jta.platform.internal.NoJtaPlatform]
2023-10-12T10:15:05.189+05:30  INFO 512 --- [restartedMain] j.LocalContainerEntityManagerFactoryBean : Initialized JPA EntityManagerFactory for persistence unit 'default'
2023-10-12T10:15:05.666+05:30  WARN 512 --- [restartedMain] JpaBaseConfiguration$JpaWebConfiguration : spring.jpa.open-in-view is enabled by default. Therefore, database queries may be performed during view rendering. Explicitly configure spring.jpa.open-in-view to disable this warning
2023-10-12T10:15:05.857+05:30  INFO 512 --- [restartedMain] o.s.b.a.w.s.WelcomePageHandlerMapping    : Adding welcome page template: index
2023-10-12T10:15:06.136+05:30  INFO 512 --- [restartedMain] o.s.b.d.a.OptionalLiveReloadServer       : LiveReload server is running on port 35729
2023-10-12T10:15:06.184+05:30  INFO 512 --- [restartedMain] o.s.b.w.embedded.tomcat.TomcatWebServer  : Tomcat started on port(s): 8080 (http) with context path ''
2023-10-12T10:15:06.198+05:30  INFO 512 --- [restartedMain] c.a.authorbook.AuthorbookApplication     : Started AuthorbookApplication in 6.753 seconds (process running for 7.349)
2023-10-12T10:15:12.348+05:30  INFO 512 --- [http-nio-8080-exec-1] o.a.c.c.C.[Tomcat].[localhost].[/]       : Initializing Spring DispatcherServlet 'dispatcherServlet'
2023-10-12T10:15:12.349+05:30  INFO 512 --- [http-nio-8080-exec-1] o.s.web.servlet.DispatcherServlet        : Initializing Servlet 'dispatcherServlet'
2023-10-12T10:15:12.352+05:30  INFO 512 --- [http-nio-8080-exec-1] o.s.web.servlet.DispatcherServlet        : Completed initialization in 2 ms
2023-10-12T10:21:35.174+05:30  INFO 512 --- [SpringApplicationShutdownHook] j.LocalContainerEntityManagerFactoryBean : Closing JPA EntityManagerFactory for persistence unit 'default'
2023-10-12T10:21:35.187+05:30  INFO 512 --- [SpringApplicationShutdownHook] com.zaxxer.hikari.HikariDataSource       : HikariPool-1 - Shutdown initiated...
2023-10-12T10:21:35.222+05:30  INFO 512 --- [SpringApplicationShutdownHook] com.zaxxer.hikari.HikariDataSource       : HikariPool-1 - Shutdown completed.
2023-10-12T10:21:39.161+05:30  INFO 25616 --- [restartedMain] c.a.authorbook.AuthorbookApplication     : Starting AuthorbookApplication using Java 21 with PID 25616 (C:\Users\balaji.balaraman\Downloads\authorbook (1)\authorbook\target\classes started by balaji.balaraman in C:\Users\balaji.balaraman\Downloads\authorbook (1))
2023-10-12T10:21:39.166+05:30  INFO 25616 --- [restartedMain] c.a.authorbook.AuthorbookApplication     : No active profile set, falling back to 1 default profile: "default"
2023-10-12T10:21:39.261+05:30  INFO 25616 --- [restartedMain] .e.DevToolsPropertyDefaultsPostProcessor : Devtools property defaults active! Set 'spring.devtools.add-properties' to 'false' to disable
2023-10-12T10:21:39.261+05:30  INFO 25616 --- [restartedMain] .e.DevToolsPropertyDefaultsPostProcessor : For additional web related logging consider setting the 'logging.level.web' property to 'DEBUG'
2023-10-12T10:21:40.184+05:30  INFO 25616 --- [restartedMain] .s.d.r.c.RepositoryConfigurationDelegate : Bootstrapping Spring Data JPA repositories in DEFAULT mode.
2023-10-12T10:21:40.284+05:30  INFO 25616 --- [restartedMain] .s.d.r.c.RepositoryConfigurationDelegate : Finished Spring Data repository scanning in 89 ms. Found 2 JPA repository interfaces.
2023-10-12T10:21:41.272+05:30  INFO 25616 --- [restartedMain] o.s.b.w.embedded.tomcat.TomcatWebServer  : Tomcat initialized with port(s): 8080 (http)
2023-10-12T10:21:41.291+05:30  INFO 25616 --- [restartedMain] o.apache.catalina.core.StandardService   : Starting service [Tomcat]
2023-10-12T10:21:41.292+05:30  INFO 25616 --- [restartedMain] o.apache.catalina.core.StandardEngine    : Starting Servlet engine: [Apache Tomcat/10.1.13]
2023-10-12T10:21:41.372+05:30  INFO 25616 --- [restartedMain] o.a.c.c.C.[Tomcat].[localhost].[/]       : Initializing Spring embedded WebApplicationContext
2023-10-12T10:21:41.373+05:30  INFO 25616 --- [restartedMain] w.s.c.ServletWebServerApplicationContext : Root WebApplicationContext: initialization completed in 2111 ms
2023-10-12T10:21:41.624+05:30  INFO 25616 --- [restartedMain] o.hibernate.jpa.internal.util.LogHelper  : HHH000204: Processing PersistenceUnitInfo [name: default]
2023-10-12T10:21:41.719+05:30  INFO 25616 --- [restartedMain] org.hibernate.Version                    : HHH000412: Hibernate ORM core version 6.2.9.Final
2023-10-12T10:21:41.722+05:30  INFO 25616 --- [restartedMain] org.hibernate.cfg.Environment            : HHH000406: Using bytecode reflection optimizer
2023-10-12T10:21:41.952+05:30  INFO 25616 --- [restartedMain] o.h.b.i.BytecodeProviderInitiator        : HHH000021: Bytecode provider name : bytebuddy
2023-10-12T10:21:42.150+05:30  INFO 25616 --- [restartedMain] o.s.o.j.p.SpringPersistenceUnitInfo      : No LoadTimeWeaver setup: ignoring JPA class transformer
2023-10-12T10:21:42.169+05:30  INFO 25616 --- [restartedMain] com.zaxxer.hikari.HikariDataSource       : HikariPool-1 - Starting...
2023-10-12T10:21:42.776+05:30  INFO 25616 --- [restartedMain] com.zaxxer.hikari.pool.HikariPool        : HikariPool-1 - Added connection com.mysql.cj.jdbc.ConnectionImpl@24ba47e0
2023-10-12T10:21:42.778+05:30  INFO 25616 --- [restartedMain] com.zaxxer.hikari.HikariDataSource       : HikariPool-1 - Start completed.
2023-10-12T10:21:43.220+05:30  INFO 25616 --- [restartedMain] o.h.b.i.BytecodeProviderInitiator        : HHH000021: Bytecode provider name : bytebuddy
2023-10-12T10:21:44.037+05:30  INFO 25616 --- [restartedMain] o.h.e.t.j.p.i.JtaPlatformInitiator       : HHH000490: Using JtaPlatform implementation: [org.hibernate.engine.transaction.jta.platform.internal.NoJtaPlatform]
2023-10-12T10:21:44.111+05:30  INFO 25616 --- [restartedMain] j.LocalContainerEntityManagerFactoryBean : Initialized JPA EntityManagerFactory for persistence unit 'default'
2023-10-12T10:21:44.626+05:30  WARN 25616 --- [restartedMain] JpaBaseConfiguration$JpaWebConfiguration : spring.jpa.open-in-view is enabled by default. Therefore, database queries may be performed during view rendering. Explicitly configure spring.jpa.open-in-view to disable this warning
2023-10-12T10:21:44.821+05:30  INFO 25616 --- [restartedMain] o.s.b.a.w.s.WelcomePageHandlerMapping    : Adding welcome page template: index
2023-10-12T10:21:45.088+05:30  INFO 25616 --- [restartedMain] o.s.b.d.a.OptionalLiveReloadServer       : LiveReload server is running on port 35729
2023-10-12T10:21:45.143+05:30  INFO 25616 --- [restartedMain] o.s.b.w.embedded.tomcat.TomcatWebServer  : Tomcat started on port(s): 8080 (http) with context path ''
2023-10-12T10:21:45.161+05:30  INFO 25616 --- [restartedMain] c.a.authorbook.AuthorbookApplication     : Started AuthorbookApplication in 6.666 seconds (process running for 7.365)
2023-10-12T10:21:52.692+05:30  INFO 25616 --- [http-nio-8080-exec-1] o.a.c.c.C.[Tomcat].[localhost].[/]       : Initializing Spring DispatcherServlet 'dispatcherServlet'
2023-10-12T10:21:52.692+05:30  INFO 25616 --- [http-nio-8080-exec-1] o.s.web.servlet.DispatcherServlet        : Initializing Servlet 'dispatcherServlet'
2023-10-12T10:21:52.695+05:30  INFO 25616 --- [http-nio-8080-exec-1] o.s.web.servlet.DispatcherServlet        : Completed initialization in 2 ms
2023-10-12T10:24:46.687+05:30  INFO 25616 --- [SpringApplicationShutdownHook] j.LocalContainerEntityManagerFactoryBean : Closing JPA EntityManagerFactory for persistence unit 'default'
2023-10-12T10:24:46.699+05:30  INFO 25616 --- [SpringApplicationShutdownHook] com.zaxxer.hikari.HikariDataSource       : HikariPool-1 - Shutdown initiated...
2023-10-12T10:24:46.726+05:30  INFO 25616 --- [SpringApplicationShutdownHook] com.zaxxer.hikari.HikariDataSource       : HikariPool-1 - Shutdown completed.
2023-10-12T10:24:49.979+05:30  INFO 14156 --- [restartedMain] c.a.authorbook.AuthorbookApplication     : Starting AuthorbookApplication using Java 21 with PID 14156 (C:\Users\balaji.balaraman\Downloads\authorbook (1)\authorbook\target\classes started by balaji.balaraman in C:\Users\balaji.balaraman\Downloads\authorbook (1))
2023-10-12T10:24:49.984+05:30  INFO 14156 --- [restartedMain] c.a.authorbook.AuthorbookApplication     : No active profile set, falling back to 1 default profile: "default"
2023-10-12T10:24:50.074+05:30  INFO 14156 --- [restartedMain] .e.DevToolsPropertyDefaultsPostProcessor : Devtools property defaults active! Set 'spring.devtools.add-properties' to 'false' to disable
2023-10-12T10:24:50.075+05:30  INFO 14156 --- [restartedMain] .e.DevToolsPropertyDefaultsPostProcessor : For additional web related logging consider setting the 'logging.level.web' property to 'DEBUG'
2023-10-12T10:24:51.087+05:30  INFO 14156 --- [restartedMain] .s.d.r.c.RepositoryConfigurationDelegate : Bootstrapping Spring Data JPA repositories in DEFAULT mode.
2023-10-12T10:24:51.190+05:30  INFO 14156 --- [restartedMain] .s.d.r.c.RepositoryConfigurationDelegate : Finished Spring Data repository scanning in 89 ms. Found 2 JPA repository interfaces.
2023-10-12T10:24:52.149+05:30  INFO 14156 --- [restartedMain] o.s.b.w.embedded.tomcat.TomcatWebServer  : Tomcat initialized with port(s): 8080 (http)
2023-10-12T10:24:52.162+05:30  INFO 14156 --- [restartedMain] o.apache.catalina.core.StandardService   : Starting service [Tomcat]
2023-10-12T10:24:52.164+05:30  INFO 14156 --- [restartedMain] o.apache.catalina.core.StandardEngine    : Starting Servlet engine: [Apache Tomcat/10.1.13]
2023-10-12T10:24:52.241+05:30  INFO 14156 --- [restartedMain] o.a.c.c.C.[Tomcat].[localhost].[/]       : Initializing Spring embedded WebApplicationContext
2023-10-12T10:24:52.241+05:30  INFO 14156 --- [restartedMain] w.s.c.ServletWebServerApplicationContext : Root WebApplicationContext: initialization completed in 2165 ms
2023-10-12T10:24:52.480+05:30  INFO 14156 --- [restartedMain] o.hibernate.jpa.internal.util.LogHelper  : HHH000204: Processing PersistenceUnitInfo [name: default]
2023-10-12T10:24:52.554+05:30  INFO 14156 --- [restartedMain] org.hibernate.Version                    : HHH000412: Hibernate ORM core version 6.2.9.Final
2023-10-12T10:24:52.557+05:30  INFO 14156 --- [restartedMain] org.hibernate.cfg.Environment            : HHH000406: Using bytecode reflection optimizer
2023-10-12T10:24:52.753+05:30  INFO 14156 --- [restartedMain] o.h.b.i.BytecodeProviderInitiator        : HHH000021: Bytecode provider name : bytebuddy
2023-10-12T10:24:52.925+05:30  INFO 14156 --- [restartedMain] o.s.o.j.p.SpringPersistenceUnitInfo      : No LoadTimeWeaver setup: ignoring JPA class transformer
2023-10-12T10:24:52.945+05:30  INFO 14156 --- [restartedMain] com.zaxxer.hikari.HikariDataSource       : HikariPool-1 - Starting...
2023-10-12T10:24:53.447+05:30  INFO 14156 --- [restartedMain] com.zaxxer.hikari.pool.HikariPool        : HikariPool-1 - Added connection com.mysql.cj.jdbc.ConnectionImpl@32bd1abd
2023-10-12T10:24:53.450+05:30  INFO 14156 --- [restartedMain] com.zaxxer.hikari.HikariDataSource       : HikariPool-1 - Start completed.
2023-10-12T10:24:53.861+05:30  INFO 14156 --- [restartedMain] o.h.b.i.BytecodeProviderInitiator        : HHH000021: Bytecode provider name : bytebuddy
2023-10-12T10:24:54.708+05:30  INFO 14156 --- [restartedMain] o.h.e.t.j.p.i.JtaPlatformInitiator       : HHH000490: Using JtaPlatform implementation: [org.hibernate.engine.transaction.jta.platform.internal.NoJtaPlatform]
2023-10-12T10:24:54.772+05:30  INFO 14156 --- [restartedMain] j.LocalContainerEntityManagerFactoryBean : Initialized JPA EntityManagerFactory for persistence unit 'default'
2023-10-12T10:24:55.179+05:30  WARN 14156 --- [restartedMain] JpaBaseConfiguration$JpaWebConfiguration : spring.jpa.open-in-view is enabled by default. Therefore, database queries may be performed during view rendering. Explicitly configure spring.jpa.open-in-view to disable this warning
2023-10-12T10:24:55.385+05:30  INFO 14156 --- [restartedMain] o.s.b.a.w.s.WelcomePageHandlerMapping    : Adding welcome page template: index
2023-10-12T10:24:55.686+05:30  INFO 14156 --- [restartedMain] o.s.b.d.a.OptionalLiveReloadServer       : LiveReload server is running on port 35729
2023-10-12T10:24:55.734+05:30  INFO 14156 --- [restartedMain] o.s.b.w.embedded.tomcat.TomcatWebServer  : Tomcat started on port(s): 8080 (http) with context path ''
2023-10-12T10:24:55.747+05:30  INFO 14156 --- [restartedMain] c.a.authorbook.AuthorbookApplication     : Started AuthorbookApplication in 6.387 seconds (process running for 7.122)
2023-10-12T10:25:02.366+05:30  INFO 14156 --- [http-nio-8080-exec-1] o.a.c.c.C.[Tomcat].[localhost].[/]       : Initializing Spring DispatcherServlet 'dispatcherServlet'
2023-10-12T10:25:02.368+05:30  INFO 14156 --- [http-nio-8080-exec-1] o.s.web.servlet.DispatcherServlet        : Initializing Servlet 'dispatcherServlet'
2023-10-12T10:25:02.374+05:30  INFO 14156 --- [http-nio-8080-exec-1] o.s.web.servlet.DispatcherServlet        : Completed initialization in 5 ms
2023-10-12T10:27:36.453+05:30  INFO 14156 --- [SpringApplicationShutdownHook] j.LocalContainerEntityManagerFactoryBean : Closing JPA EntityManagerFactory for persistence unit 'default'
2023-10-12T10:27:36.465+05:30  INFO 14156 --- [SpringApplicationShutdownHook] com.zaxxer.hikari.HikariDataSource       : HikariPool-1 - Shutdown initiated...
2023-10-12T10:27:36.494+05:30  INFO 14156 --- [SpringApplicationShutdownHook] com.zaxxer.hikari.HikariDataSource       : HikariPool-1 - Shutdown completed.
